<?xml version="1.0" encoding="UTF-8"?>
<!-- Generated by org.testng.reporters.JUnitXMLReporter -->
<testsuite ignored="0" hostname="DESKTOP-R4JMQ25" failures="0" tests="3" name="Default test" time="76.801" errors="0" timestamp="2025-01-05T12:17:41 IST">
  <testcase classname="com.opencart.TestLayer.AddressTest" name="verifyAddressDeleteSuccessfully" time="3.374"/>
  <testcase classname="com.opencart.TestLayer.AddressTest" name="verifyAddressEditSuccessfully" time="6.286"/>
  <testcase classname="com.opencart.TestLayer.AddressTest" name="verifyAddressSaveSuccessfully" time="7.646"/>
</testsuite> <!-- Default test -->
