<?xml version="1.0" encoding="UTF-8"?>
<!-- Generated by org.testng.reporters.JUnitXMLReporter -->
<testsuite ignored="0" hostname="DESKTOP-R4JMQ25" failures="0" tests="3" name="Test" time="83.36" errors="0" timestamp="2025-05-11T18:07:29 IST">
  <testcase classname="com.opencart.TestLayer.LoginTest" name="verifyErrorMessageLoginWithInvalidCred" time="2.268"/>
  <testcase classname="com.opencart.TestLayer.LoginTest" name="verifyLoginWithInvalidCred" time="2.41"/>
  <testcase classname="com.opencart.TestLayer.LoginTest" name="verifyLoginWithValidCred" time="3.647"/>
</testsuite> <!-- Test -->
