<?xml version="1.0" encoding="UTF-8"?>
<testng-results ignored="0" total="3" passed="2" failed="1" skipped="0">
  <reporter-output>
  </reporter-output>
  <suite started-at="2025-05-11T17:08:46 IST" name="Default suite" finished-at="2025-05-11T17:10:09 IST" duration-ms="82964">
    <groups>
    </groups>
    <test started-at="2025-05-11T17:08:46 IST" name="Default test" finished-at="2025-05-11T17:10:09 IST" duration-ms="82964">
      <class name="com.opencart.TestLayer.LoginTest">
        <test-method is-config="true" signature="setUp()[pri:0, instance:com.opencart.TestLayer.LoginTest@76a4ebf2]" started-at="2025-05-11T17:08:46 IST" name="setUp" finished-at="2025-05-11T17:09:14 IST" duration-ms="28072" status="PASS">
          <reporter-output>
          </reporter-output>
        </test-method> <!-- setUp -->
        <test-method signature="verifyErrorMessageLoginWithInvalidCred()[pri:0, instance:com.opencart.TestLayer.LoginTest@76a4ebf2]" started-at="2025-05-11T17:09:14 IST" name="verifyErrorMessageLoginWithInvalidCred" finished-at="2025-05-11T17:09:19 IST" duration-ms="5099" status="FAIL">
          <exception class="java.lang.AssertionError">
            <message>
              <![CDATA[expected [Warning: Your account has exceeded allowed number of login attempts. Please try again in 1 hour.] but found [Warning: No match for E-Mail Address and/or Password.]]]>
            </message>
            <full-stacktrace>
              <![CDATA[java.lang.AssertionError: expected [Warning: Your account has exceeded allowed number of login attempts. Please try again in 1 hour.] but found [Warning: No match for E-Mail Address and/or Password.]
at org.testng.Assert.fail(Assert.java:111)
at org.testng.Assert.failNotEquals(Assert.java:1578)
at org.testng.Assert.assertEqualsImpl(Assert.java:150)
at org.testng.Assert.assertEquals(Assert.java:132)
at org.testng.Assert.assertEquals(Assert.java:656)
at org.testng.Assert.assertEquals(Assert.java:666)
at com.opencart.TestLayer.LoginTest.verifyErrorMessageLoginWithInvalidCred(LoginTest.java:63)
at java.base/jdk.internal.reflect.NativeMethodAccessorImpl.invoke0(Native Method)
at java.base/jdk.internal.reflect.NativeMethodAccessorImpl.invoke(NativeMethodAccessorImpl.java:77)
at java.base/jdk.internal.reflect.DelegatingMethodAccessorImpl.invoke(DelegatingMethodAccessorImpl.java:43)
at java.base/java.lang.reflect.Method.invoke(Method.java:568)
at org.testng.internal.invokers.MethodInvocationHelper.invokeMethod(MethodInvocationHelper.java:141)
at org.testng.internal.invokers.TestInvoker.invokeMethod(TestInvoker.java:686)
at org.testng.internal.invokers.TestInvoker.invokeTestMethod(TestInvoker.java:230)
at org.testng.internal.invokers.MethodRunner.runInSequence(MethodRunner.java:63)
at org.testng.internal.invokers.TestInvoker$MethodInvocationAgent.invoke(TestInvoker.java:992)
at org.testng.internal.invokers.TestInvoker.invokeTestMethods(TestInvoker.java:203)
at org.testng.internal.invokers.TestMethodWorker.invokeTestMethods(TestMethodWorker.java:154)
at org.testng.internal.invokers.TestMethodWorker.run(TestMethodWorker.java:134)
at java.base/java.util.ArrayList.forEach(ArrayList.java:1511)
at org.testng.TestRunner.privateRun(TestRunner.java:739)
at org.testng.TestRunner.run(TestRunner.java:614)
at org.testng.SuiteRunner.runTest(SuiteRunner.java:421)
at org.testng.SuiteRunner.runSequentially(SuiteRunner.java:413)
at org.testng.SuiteRunner.privateRun(SuiteRunner.java:373)
at org.testng.SuiteRunner.run(SuiteRunner.java:312)
at org.testng.SuiteRunnerWorker.runSuite(SuiteRunnerWorker.java:52)
at org.testng.SuiteRunnerWorker.run(SuiteRunnerWorker.java:95)
at org.testng.TestNG.runSuitesSequentially(TestNG.java:1274)
at org.testng.TestNG.runSuitesLocally(TestNG.java:1208)
at org.testng.TestNG.runSuites(TestNG.java:1112)
at org.testng.TestNG.run(TestNG.java:1079)
at org.testng.remote.AbstractRemoteTestNG.run(AbstractRemoteTestNG.java:115)
at org.testng.remote.RemoteTestNG.initAndRun(RemoteTestNG.java:293)
at org.testng.remote.RemoteTestNG.main(RemoteTestNG.java:91)
]]>
            </full-stacktrace>
          </exception> <!-- java.lang.AssertionError -->
          <reporter-output>
          </reporter-output>
        </test-method> <!-- verifyErrorMessageLoginWithInvalidCred -->
        <test-method is-config="true" signature="tearDown()[pri:0, instance:com.opencart.TestLayer.LoginTest@76a4ebf2]" started-at="2025-05-11T17:09:19 IST" name="tearDown" finished-at="2025-05-11T17:09:19 IST" duration-ms="1" status="PASS">
          <reporter-output>
          </reporter-output>
        </test-method> <!-- tearDown -->
        <test-method is-config="true" signature="setUp()[pri:0, instance:com.opencart.TestLayer.LoginTest@76a4ebf2]" started-at="2025-05-11T17:09:19 IST" name="setUp" finished-at="2025-05-11T17:09:49 IST" duration-ms="30007" status="PASS">
          <reporter-output>
          </reporter-output>
        </test-method> <!-- setUp -->
        <test-method signature="verifyLoginWithInvalidCred()[pri:0, instance:com.opencart.TestLayer.LoginTest@76a4ebf2]" started-at="2025-05-11T17:09:49 IST" name="verifyLoginWithInvalidCred" finished-at="2025-05-11T17:09:51 IST" duration-ms="2308" status="PASS">
          <reporter-output>
          </reporter-output>
        </test-method> <!-- verifyLoginWithInvalidCred -->
        <test-method is-config="true" signature="tearDown()[pri:0, instance:com.opencart.TestLayer.LoginTest@76a4ebf2]" started-at="2025-05-11T17:09:51 IST" name="tearDown" finished-at="2025-05-11T17:09:51 IST" duration-ms="1" status="PASS">
          <reporter-output>
          </reporter-output>
        </test-method> <!-- tearDown -->
        <test-method is-config="true" signature="setUp()[pri:0, instance:com.opencart.TestLayer.LoginTest@76a4ebf2]" started-at="2025-05-11T17:09:51 IST" name="setUp" finished-at="2025-05-11T17:10:06 IST" duration-ms="14719" status="PASS">
          <reporter-output>
          </reporter-output>
        </test-method> <!-- setUp -->
        <test-method signature="verifyLoginWithValidCred()[pri:0, instance:com.opencart.TestLayer.LoginTest@76a4ebf2]" started-at="2025-05-11T17:10:06 IST" name="verifyLoginWithValidCred" finished-at="2025-05-11T17:10:09 IST" duration-ms="2593" status="PASS">
          <reporter-output>
          </reporter-output>
        </test-method> <!-- verifyLoginWithValidCred -->
        <test-method is-config="true" signature="tearDown()[pri:0, instance:com.opencart.TestLayer.LoginTest@76a4ebf2]" started-at="2025-05-11T17:10:09 IST" name="tearDown" finished-at="2025-05-11T17:10:09 IST" duration-ms="2" status="PASS">
          <reporter-output>
          </reporter-output>
        </test-method> <!-- tearDown -->
      </class> <!-- com.opencart.TestLayer.LoginTest -->
    </test> <!-- Default test -->
  </suite> <!-- Default suite -->
</testng-results>
